[85][1546445607419][main][info]["Booting Postman 6.6.1, linux-4.15.0-42-generic on x64"]
[85][1546445607423][main][info]["EventBus\\x7einitialize - Success"]
[85][1546445607426][main][info]["UpdateHandler\\x7einit - Success"]
[85][1546445607428][main][info]["RuntimeExecutionService\\x7einitialized: Success"]
[85][1546445607435][main][info]["ProtocolHandler\\x7einit - Success with status: false]"]
[85][1546445607773][main][info]["Bootstrap-models\\x7ebootstrap - Success"]
[85][1546445609918][main][info]["Main\\x7eAppEvents - Received booted event for process shared"]
[85][1546445611633][main][info]["UpdateHandler\\x7eapp-update-events - Received event",{"name":"checkForElectronVersionUpdated","namespace":"appUpdate"}]
[85][1546445611634][main][info]["Main\\x7eAppEvents - Received booted event for process requester"]
[85][1546445903158][main][info]["WindowManager\\x7ecloseHandler - Closed Window (id: 4 )"]
[544][1546445921960][main][info]["Booting Postman 6.6.1, linux-4.15.0-42-generic on x64"]
[544][1546445921964][main][info]["EventBus\\x7einitialize - Success"]
[544][1546445921968][main][info]["UpdateHandler\\x7einit - Success"]
[544][1546445921970][main][info]["RuntimeExecutionService\\x7einitialized: Success"]
[544][1546445921978][main][info]["ProtocolHandler\\x7einit - Success with status: false]"]
[544][1546445922336][main][info]["Bootstrap-models\\x7ebootstrap - Success"]
[544][1546445924215][main][info]["Main\\x7eAppEvents - Received booted event for process shared"]
[544][1546445925936][main][info]["UpdateHandler\\x7eapp-update-events - Received event",{"name":"checkForElectronVersionUpdated","namespace":"appUpdate"}]
[544][1546445925937][main][info]["Main\\x7eAppEvents - Received booted event for process requester"]
[544][1546445947955][main][info]["WindowManager\\x7ecloseHandler - Closed Window (id: 3 )"]
[741][1546445962054][main][info]["Booting Postman 6.6.1, linux-4.15.0-42-generic on x64"]
[741][1546445962059][main][info]["EventBus\\x7einitialize - Success"]
[741][1546445962062][main][info]["UpdateHandler\\x7einit - Success"]
[741][1546445962063][main][info]["RuntimeExecutionService\\x7einitialized: Success"]
[741][1546445962070][main][info]["ProtocolHandler\\x7einit - Success with status: false]"]
[741][1546445962364][main][info]["Bootstrap-models\\x7ebootstrap - Success"]
[741][1546445964204][main][info]["Main\\x7eAppEvents - Received booted event for process shared"]
[741][1546445965875][main][info]["UpdateHandler\\x7eapp-update-events - Received event",{"name":"checkForElectronVersionUpdated","namespace":"appUpdate"}]
[741][1546445965877][main][info]["Main\\x7eAppEvents - Received booted event for process requester"]
[741][1546446434261][main][info]["WindowManager\\x7ecloseHandler - Closed Window (id: 3 )"]
[1026][1546446460475][main][info]["Booting Postman 6.6.1, linux-4.15.0-42-generic on x64"]
[1026][1546446460478][main][info]["EventBus\\x7einitialize - Success"]
[1026][1546446460482][main][info]["UpdateHandler\\x7einit - Success"]
[1026][1546446460483][main][info]["RuntimeExecutionService\\x7einitialized: Success"]
[1026][1546446460490][main][info]["ProtocolHandler\\x7einit - Success with status: false]"]
[1026][1546446460792][main][info]["Bootstrap-models\\x7ebootstrap - Success"]
[1026][1546446462584][main][info]["Main\\x7eAppEvents - Received booted event for process shared"]
[1026][1546446464286][main][info]["UpdateHandler\\x7eapp-update-events - Received event",{"name":"checkForElectronVersionUpdated","namespace":"appUpdate"}]
[1026][1546446464288][main][info]["Main\\x7eAppEvents - Received booted event for process requester"]
[1026][1546446512140][main][info]["WindowManager\\x7ecloseHandler - Closed Window (id: 3 )"]
