[85][1546445608215][shell][info]["EventBus\\x7einitialize - Success"]
[85][1546445608219][shell][info]["shellController\\x7einit: Success"]
[85][1546445608220][shell][info]["shellMeta\\x7einit: Success"]
[85][1546445608231][shell][info]["init\\x7esetViewAttributes - Initializing view with opts:",{"id":2,"logPath":"/home/node/.config/Postman/logs","sessionId":85,"startTime":1546445607487,"type":"shared","partitionId":"default"}]
[85][1546445608233][shell][info]["init\\x7esetViewAttributes - Success"]
[85][1546445610300][shell][info]["EventBus\\x7einitialize - Success"]
[85][1546445610305][shell][info]["shellController\\x7einit: Success"]
[85][1546445610306][shell][info]["shellMeta\\x7einit: Success"]
[85][1546445610315][shell][info]["init\\x7esetViewAttributes - Initializing view with opts:",{"allIds":[4],"id":4,"logPath":"/home/node/.config/Postman/logs","primaryId":4,"sessionId":85,"startTime":1546445609951,"type":"requester","partitionId":"default"}]
[85][1546445610316][shell][info]["init\\x7esetViewAttributes - Success"]
[544][1546445922853][shell][info]["EventBus\\x7einitialize - Success"]
[544][1546445922859][shell][info]["shellController\\x7einit: Success"]
[544][1546445922859][shell][info]["shellMeta\\x7einit: Success"]
[544][1546445922871][shell][info]["init\\x7esetViewAttributes - Initializing view with opts:",{"id":2,"logPath":"/home/node/.config/Postman/logs","sessionId":544,"startTime":1546445922033,"type":"shared","partitionId":"default"}]
[544][1546445922873][shell][info]["init\\x7esetViewAttributes - Success"]
[544][1546445924649][shell][info]["EventBus\\x7einitialize - Success"]
[544][1546445924654][shell][info]["shellController\\x7einit: Success"]
[544][1546445924655][shell][info]["shellMeta\\x7einit: Success"]
[544][1546445924664][shell][info]["init\\x7esetViewAttributes - Initializing view with opts:",{"allIds":[3],"id":3,"logPath":"/home/node/.config/Postman/logs","primaryId":3,"sessionId":544,"startTime":1546445924263,"type":"requester","partitionId":"default"}]
[544][1546445924666][shell][info]["init\\x7esetViewAttributes - Success"]
[741][1546445962894][shell][info]["EventBus\\x7einitialize - Success"]
[741][1546445962900][shell][info]["shellController\\x7einit: Success"]
[741][1546445962900][shell][info]["shellMeta\\x7einit: Success"]
[741][1546445962912][shell][info]["init\\x7esetViewAttributes - Initializing view with opts:",{"id":2,"logPath":"/home/node/.config/Postman/logs","sessionId":741,"startTime":1546445962129,"type":"shared","partitionId":"default"}]
[741][1546445962914][shell][info]["init\\x7esetViewAttributes - Success"]
[741][1546445964578][shell][info]["EventBus\\x7einitialize - Success"]
[741][1546445964583][shell][info]["shellController\\x7einit: Success"]
[741][1546445964584][shell][info]["shellMeta\\x7einit: Success"]
[741][1546445964593][shell][info]["init\\x7esetViewAttributes - Initializing view with opts:",{"allIds":[3],"id":3,"logPath":"/home/node/.config/Postman/logs","primaryId":3,"sessionId":741,"startTime":1546445964240,"type":"requester","partitionId":"default"}]
[741][1546445964595][shell][info]["init\\x7esetViewAttributes - Success"]
[1026][1546446461278][shell][info]["EventBus\\x7einitialize - Success"]
[1026][1546446461283][shell][info]["shellController\\x7einit: Success"]
[1026][1546446461284][shell][info]["shellMeta\\x7einit: Success"]
[1026][1546446461296][shell][info]["init\\x7esetViewAttributes - Initializing view with opts:",{"id":2,"logPath":"/home/node/.config/Postman/logs","sessionId":1026,"startTime":1546446460545,"type":"shared","partitionId":"default"}]
[1026][1546446461299][shell][info]["init\\x7esetViewAttributes - Success"]
[1026][1546446462979][shell][info]["EventBus\\x7einitialize - Success"]
[1026][1546446462985][shell][info]["shellController\\x7einit: Success"]
[1026][1546446462986][shell][info]["shellMeta\\x7einit: Success"]
[1026][1546446462997][shell][info]["init\\x7esetViewAttributes - Initializing view with opts:",{"allIds":[3],"id":3,"logPath":"/home/node/.config/Postman/logs","primaryId":3,"sessionId":1026,"startTime":1546446462624,"type":"requester","partitionId":"default"}]
[1026][1546446462999][shell][info]["init\\x7esetViewAttributes - Success"]
