[85][1546445611455][requester][info]["EventBus\\x7einitialize - Success"]
[85][1546445611458][requester][info]["Messaging\\x7eboot - Success"]
[85][1546445611464][requester][info]["Telemetry\\x7eboot - Success"]
[85][1546445611466][requester][info]["bootConfigurations\\x7einitialize - Success"]
[85][1546445611468][requester][info]["Settings\\x7eboot - Success"]
[85][1546445611534][requester][info]["bootstrapModels - Success"]
[85][1546445611534][requester][info]["WLModels\\x7eboot - Success"]
[85][1546445611603][requester][info]["Session\\x7eboot - Success"]
[85][1546445611607][requester][info]["IndependentServices\\x7eboot - Success"]
[85][1546445611616][requester][info]["AppModels\\x7eboot - Success"]
[85][1546445611616][requester][info]["RuntimeListeners\\x7eboot- Success"]
[85][1546445611617][requester][info]["DBWatcher\\x7eboot - Success"]
[85][1546445611619][requester][info]["ThemeManager\\x7eboot - Success"]
[85][1546445611621][requester][info]["InAppMessaging\\x7eboot - Success"]
[85][1546445611622][requester][info]["Store\\x7eboot - Success"]
[85][1546445611624][requester][info]["Shortcuts\\x7eboot - Success"]
[85][1546445611625][requester][info]["SyncProxy\\x7eboot - Success"]
[85][1546445611633][requester][info]["Requester\\x7eboot - Success"]
[85][1546445611634][requester][info]["booted - requester"]
[544][1546445925796][requester][info]["EventBus\\x7einitialize - Success"]
[544][1546445925799][requester][info]["Messaging\\x7eboot - Success"]
[544][1546445925805][requester][info]["Telemetry\\x7eboot - Success"]
[544][1546445925806][requester][info]["bootConfigurations\\x7einitialize - Success"]
[544][1546445925808][requester][info]["Settings\\x7eboot - Success"]
[544][1546445925874][requester][info]["bootstrapModels - Success"]
[544][1546445925874][requester][info]["WLModels\\x7eboot - Success"]
[544][1546445925912][requester][info]["Session\\x7eboot - Success"]
[544][1546445925915][requester][info]["IndependentServices\\x7eboot - Success"]
[544][1546445925922][requester][info]["AppModels\\x7eboot - Success"]
[544][1546445925922][requester][info]["RuntimeListeners\\x7eboot- Success"]
[544][1546445925923][requester][info]["DBWatcher\\x7eboot - Success"]
[544][1546445925925][requester][info]["ThemeManager\\x7eboot - Success"]
[544][1546445925926][requester][info]["InAppMessaging\\x7eboot - Success"]
[544][1546445925927][requester][info]["Store\\x7eboot - Success"]
[544][1546445925929][requester][info]["Shortcuts\\x7eboot - Success"]
[544][1546445925929][requester][info]["SyncProxy\\x7eboot - Success"]
[544][1546445925936][requester][info]["Requester\\x7eboot - Success"]
[544][1546445925937][requester][info]["booted - requester"]
[741][1546445965730][requester][info]["EventBus\\x7einitialize - Success"]
[741][1546445965733][requester][info]["Messaging\\x7eboot - Success"]
[741][1546445965740][requester][info]["Telemetry\\x7eboot - Success"]
[741][1546445965742][requester][info]["bootConfigurations\\x7einitialize - Success"]
[741][1546445965743][requester][info]["Settings\\x7eboot - Success"]
[741][1546445965809][requester][info]["bootstrapModels - Success"]
[741][1546445965809][requester][info]["WLModels\\x7eboot - Success"]
[741][1546445965849][requester][info]["Session\\x7eboot - Success"]
[741][1546445965852][requester][info]["IndependentServices\\x7eboot - Success"]
[741][1546445965860][requester][info]["AppModels\\x7eboot - Success"]
[741][1546445965861][requester][info]["RuntimeListeners\\x7eboot- Success"]
[741][1546445965861][requester][info]["DBWatcher\\x7eboot - Success"]
[741][1546445965864][requester][info]["ThemeManager\\x7eboot - Success"]
[741][1546445965865][requester][info]["InAppMessaging\\x7eboot - Success"]
[741][1546445965866][requester][info]["Store\\x7eboot - Success"]
[741][1546445965867][requester][info]["Shortcuts\\x7eboot - Success"]
[741][1546445965868][requester][info]["SyncProxy\\x7eboot - Success"]
[741][1546445965875][requester][info]["Requester\\x7eboot - Success"]
[741][1546445965876][requester][info]["booted - requester"]
[1026][1546446464146][requester][info]["EventBus\\x7einitialize - Success"]
[1026][1546446464149][requester][info]["Messaging\\x7eboot - Success"]
[1026][1546446464155][requester][info]["Telemetry\\x7eboot - Success"]
[1026][1546446464156][requester][info]["bootConfigurations\\x7einitialize - Success"]
[1026][1546446464158][requester][info]["Settings\\x7eboot - Success"]
[1026][1546446464224][requester][info]["bootstrapModels - Success"]
[1026][1546446464225][requester][info]["WLModels\\x7eboot - Success"]
[1026][1546446464262][requester][info]["Session\\x7eboot - Success"]
[1026][1546446464265][requester][info]["IndependentServices\\x7eboot - Success"]
[1026][1546446464272][requester][info]["AppModels\\x7eboot - Success"]
[1026][1546446464272][requester][info]["RuntimeListeners\\x7eboot- Success"]
[1026][1546446464272][requester][info]["DBWatcher\\x7eboot - Success"]
[1026][1546446464275][requester][info]["ThemeManager\\x7eboot - Success"]
[1026][1546446464276][requester][info]["InAppMessaging\\x7eboot - Success"]
[1026][1546446464277][requester][info]["Store\\x7eboot - Success"]
[1026][1546446464279][requester][info]["Shortcuts\\x7eboot - Success"]
[1026][1546446464279][requester][info]["SyncProxy\\x7eboot - Success"]
[1026][1546446464286][requester][info]["Requester\\x7eboot - Success"]
[1026][1546446464287][requester][info]["booted - requester"]
