[85][1546445609589][shared][info]["EventBus\\x7einitialize - Success"]
[85][1546445609592][shared][info]["Messaging\\x7eboot - Success"]
[85][1546445609605][shared][info]["Telemetry\\x7eboot - Success"]
[85][1546445609608][shared][info]["bootConfigurations\\x7einitialize - Success"]
[85][1546445609613][shared][info]["Settings\\x7eboot - Success"]
[85][1546445609621][shared][info]["Migrations: Starting migrations"]
[85][1546445609622][shared][info]["Migrations: Walking migration","0000_initial"]
[85][1546445609622][shared][info]["Migrations: Walking migration","0001_add_archived_resources_table"]
[85][1546445609622][shared][info]["Migrations: Walking migration","0002_add_variable_sessions_table"]
[85][1546445609622][shared][info]["Migrations: Walking migration","0003_add_editor_tables"]
[85][1546445609622][shared][info]["Migrations: Walking migration","0004_migrate_ws_session_data"]
[85][1546445609623][shared][info]["Migrations: Walking migration","0005_cleanup_request_response_and_history_body"]
[85][1546445609623][shared][info]["Migrations: Walking migration","0006_add_dbp_to_request_response_and_history"]
[85][1546445609623][shared][info]["Migrations: Walking migration","0007_add_sync_client_buckets_by_order_id_table"]
[85][1546445609623][shared][info]["Migrations: Walking migration","0008_migrate_to_sync_client_buckets_by_order_id"]
[85][1546445609623][shared][info]["Migrations: Walking migration","0009_remove_sync_client_buckets_table"]
[85][1546445609623][shared][info]["Migrations: Walking migration","0010_add_history_owner"]
[85][1546445609623][shared][info]["Migrations: Walking migration","0011_add_history_response_table"]
[85][1546445609623][shared][info]["Migrations: Walking migration","0012_add_user_data_table"]
[85][1546445609623][shared][info]["Migrations: Walking migration","0013_sanitize_request_response_and_history_methods"]
[85][1546445609624][shared][info]["Migrations: Walking migration","0014_sanitize_response_requestobject_rawmodedata"]
[85][1546445609624][shared][info]["Migrations: Starting migration","0000_initial"]
[85][1546445609624][shared][info]["Migrations: Setting context before starting migration","0000_initial",{"0000_initial":"started"}]
[85][1546445609625][shared][info]["Migrations: Applying migration","0000_initial"]
[85][1546445609625][shared][info]["Migrations: Upgrading IndexedDB to version","0000_initial",1]
[85][1546445609626][shared][info]["Migrations: Adding pending commit to queue","0000_initial"]
[85][1546445609626][shared][info]["Migrations: Starting migration","0001_add_archived_resources_table"]
[85][1546445609626][shared][info]["Migrations: Setting context before starting migration","0001_add_archived_resources_table",{"0000_initial":"started","0001_add_archived_resources_table":"started"}]
[85][1546445609627][shared][info]["Migrations: Applying migration","0001_add_archived_resources_table"]
[85][1546445609627][shared][info]["Migrations: Upgrading IndexedDB to version","0001_add_archived_resources_table",2]
[85][1546445609628][shared][info]["Migrations: Adding pending commit to queue","0001_add_archived_resources_table"]
[85][1546445609628][shared][info]["Migrations: Starting migration","0002_add_variable_sessions_table"]
[85][1546445609628][shared][info]["Migrations: Setting context before starting migration","0002_add_variable_sessions_table",{"0000_initial":"started","0001_add_archived_resources_table":"started","0002_add_variable_sessions_table":"started"}]
[85][1546445609628][shared][info]["Migrations: Applying migration","0002_add_variable_sessions_table"]
[85][1546445609628][shared][info]["Migrations: Upgrading IndexedDB to version","0002_add_variable_sessions_table",3]
[85][1546445609629][shared][info]["Migrations: Adding pending commit to queue","0002_add_variable_sessions_table"]
[85][1546445609629][shared][info]["Migrations: Starting migration","0003_add_editor_tables"]
[85][1546445609629][shared][info]["Migrations: Setting context before starting migration","0003_add_editor_tables",{"0000_initial":"started","0001_add_archived_resources_table":"started","0002_add_variable_sessions_table":"started","0003_add_editor_tables":"started"}]
[85][1546445609630][shared][info]["Migrations: Applying migration","0003_add_editor_tables"]
[85][1546445609630][shared][info]["Migrations: Upgrading IndexedDB to version","0003_add_editor_tables",4]
[85][1546445609631][shared][info]["Migrations: Adding pending commit to queue","0003_add_editor_tables"]
[85][1546445609631][shared][info]["Migrations: Starting migration","0004_migrate_ws_session_data"]
[85][1546445609631][shared][info]["Migrations: Flushing pending migrations for","0004_migrate_ws_session_data"]
[85][1546445609631][shared][info]["Migrations: Flushing pending commit for type","IndexeddbSchemaMigration"]
[85][1546445609632][shared][info]["Migrations: Committing IndexedDB upgrade"]
[85][1546445609666][shared][info]["Migrations: Updating status in migration context",{"0000_initial":"started","0001_add_archived_resources_table":"started","0002_add_variable_sessions_table":"started","0003_add_editor_tables":"started"}]
[85][1546445609666][shared][info]["Migrations: Updated status in migration context",{"0000_initial":"finished","0001_add_archived_resources_table":"finished","0002_add_variable_sessions_table":"finished","0003_add_editor_tables":"finished"}]
[85][1546445609667][shared][info]["Migrations: Setting context before starting migration","0004_migrate_ws_session_data",{"0000_initial":"finished","0001_add_archived_resources_table":"finished","0002_add_variable_sessions_table":"finished","0003_add_editor_tables":"finished","0004_migrate_ws_session_data":"started"}]
[85][1546445609667][shared][info]["Migrations: Applying migration","0004_migrate_ws_session_data"]
[85][1546445609667][shared][info]["Migrations: Processing IndexedDB data migration","0004_migrate_ws_session_data"]
[85][1546445609669][shared][info]["Migration\\x7eTabs: Starting migration"]
[85][1546445609672][shared][info]["Migration\\x7eTabs: Completed transformation"]
[85][1546445609673][shared][info]["Migration\\x7eTabs: Creating editors"]
[85][1546445609675][shared][info]["Migration\\x7eTabs: Creating editor models"]
[85][1546445609676][shared][info]["Migrations: Saving migration context after completion","0004_migrate_ws_session_data",{"0000_initial":"finished","0001_add_archived_resources_table":"finished","0002_add_variable_sessions_table":"finished","0003_add_editor_tables":"finished","0004_migrate_ws_session_data":"started"}]
[85][1546445609676][shared][info]["Migrations: Starting migration","0005_cleanup_request_response_and_history_body"]
[85][1546445609676][shared][info]["Migrations: Flushing pending migrations for","0005_cleanup_request_response_and_history_body"]
[85][1546445609677][shared][info]["Migrations: Updating status in migration context",{"0000_initial":"finished","0001_add_archived_resources_table":"finished","0002_add_variable_sessions_table":"finished","0003_add_editor_tables":"finished","0004_migrate_ws_session_data":"finished"}]
[85][1546445609677][shared][info]["Migrations: Updated status in migration context",{"0000_initial":"finished","0001_add_archived_resources_table":"finished","0002_add_variable_sessions_table":"finished","0003_add_editor_tables":"finished","0004_migrate_ws_session_data":"finished"}]
[85][1546445609677][shared][info]["Migrations: Setting context before starting migration","0005_cleanup_request_response_and_history_body",{"0000_initial":"finished","0001_add_archived_resources_table":"finished","0002_add_variable_sessions_table":"finished","0003_add_editor_tables":"finished","0004_migrate_ws_session_data":"finished","0005_cleanup_request_response_and_history_body":"started"}]
[85][1546445609678][shared][info]["Migrations: Applying migration","0005_cleanup_request_response_and_history_body"]
[85][1546445609678][shared][info]["Migrations: Processing IndexedDB data migration","0005_cleanup_request_response_and_history_body"]
[85][1546445609682][shared][info]["Migrations: Saving migration context after completion","0005_cleanup_request_response_and_history_body",{"0000_initial":"finished","0001_add_archived_resources_table":"finished","0002_add_variable_sessions_table":"finished","0003_add_editor_tables":"finished","0004_migrate_ws_session_data":"finished","0005_cleanup_request_response_and_history_body":"started"}]
[85][1546445609682][shared][info]["Migrations: Starting migration","0006_add_dbp_to_request_response_and_history"]
[85][1546445609682][shared][info]["Migrations: Flushing pending migrations for","0006_add_dbp_to_request_response_and_history"]
[85][1546445609682][shared][info]["Migrations: Updating status in migration context",{"0000_initial":"finished","0001_add_archived_resources_table":"finished","0002_add_variable_sessions_table":"finished","0003_add_editor_tables":"finished","0004_migrate_ws_session_data":"finished","0005_cleanup_request_response_and_history_body":"finished"}]
[85][1546445609683][shared][info]["Migrations: Updated status in migration context",{"0000_initial":"finished","0001_add_archived_resources_table":"finished","0002_add_variable_sessions_table":"finished","0003_add_editor_tables":"finished","0004_migrate_ws_session_data":"finished","0005_cleanup_request_response_and_history_body":"finished"}]
[85][1546445609683][shared][info]["Migrations: Setting context before starting migration","0006_add_dbp_to_request_response_and_history",{"0000_initial":"finished","0001_add_archived_resources_table":"finished","0002_add_variable_sessions_table":"finished","0003_add_editor_tables":"finished","0004_migrate_ws_session_data":"finished","0005_cleanup_request_response_and_history_body":"finished","0006_add_dbp_to_request_response_and_history":"started"}]
[85][1546445609683][shared][info]["Migrations: Applying migration","0006_add_dbp_to_request_response_and_history"]
[85][1546445609683][shared][info]["Migrations: Processing IndexedDB data migration","0006_add_dbp_to_request_response_and_history"]
[85][1546445609691][shared][info]["Migrations: Saving migration context after completion","0006_add_dbp_to_request_response_and_history",{"0000_initial":"finished","0001_add_archived_resources_table":"finished","0002_add_variable_sessions_table":"finished","0003_add_editor_tables":"finished","0004_migrate_ws_session_data":"finished","0005_cleanup_request_response_and_history_body":"finished","0006_add_dbp_to_request_response_and_history":"started"}]
[85][1546445609691][shared][info]["Migrations: Starting migration","0007_add_sync_client_buckets_by_order_id_table"]
[85][1546445609691][shared][info]["Migrations: Setting context before starting migration","0007_add_sync_client_buckets_by_order_id_table",{"0000_initial":"finished","0001_add_archived_resources_table":"finished","0002_add_variable_sessions_table":"finished","0003_add_editor_tables":"finished","0004_migrate_ws_session_data":"finished","0005_cleanup_request_response_and_history_body":"finished","0006_add_dbp_to_request_response_and_history":"finished","0007_add_sync_client_buckets_by_order_id_table":"started"}]
[85][1546445609692][shared][info]["Migrations: Applying migration","0007_add_sync_client_buckets_by_order_id_table"]
[85][1546445609692][shared][info]["Migrations: Upgrading IndexedDB to version","0007_add_sync_client_buckets_by_order_id_table",5]
[85][1546445609693][shared][info]["Migrations: Adding pending commit to queue","0007_add_sync_client_buckets_by_order_id_table"]
[85][1546445609693][shared][info]["Migrations: Starting migration","0008_migrate_to_sync_client_buckets_by_order_id"]
[85][1546445609694][shared][info]["Migrations: Flushing pending migrations for","0008_migrate_to_sync_client_buckets_by_order_id"]
[85][1546445609694][shared][info]["Migrations: Flushing pending commit for type","IndexeddbSchemaMigration"]
[85][1546445609694][shared][info]["Migrations: Committing IndexedDB upgrade"]
[85][1546445609701][shared][info]["Migrations: Updating status in migration context",{"0000_initial":"finished","0001_add_archived_resources_table":"finished","0002_add_variable_sessions_table":"finished","0003_add_editor_tables":"finished","0004_migrate_ws_session_data":"finished","0005_cleanup_request_response_and_history_body":"finished","0006_add_dbp_to_request_response_and_history":"finished","0007_add_sync_client_buckets_by_order_id_table":"started"}]
[85][1546445609702][shared][info]["Migrations: Updated status in migration context",{"0000_initial":"finished","0001_add_archived_resources_table":"finished","0002_add_variable_sessions_table":"finished","0003_add_editor_tables":"finished","0004_migrate_ws_session_data":"finished","0005_cleanup_request_response_and_history_body":"finished","0006_add_dbp_to_request_response_and_history":"finished","0007_add_sync_client_buckets_by_order_id_table":"finished"}]
[85][1546445609702][shared][info]["Migrations: Setting context before starting migration","0008_migrate_to_sync_client_buckets_by_order_id",{"0000_initial":"finished","0001_add_archived_resources_table":"finished","0002_add_variable_sessions_table":"finished","0003_add_editor_tables":"finished","0004_migrate_ws_session_data":"finished","0005_cleanup_request_response_and_history_body":"finished","0006_add_dbp_to_request_response_and_history":"finished","0007_add_sync_client_buckets_by_order_id_table":"finished","0008_migrate_to_sync_client_buckets_by_order_id":"started"}]
[85][1546445609703][shared][info]["Migrations: Applying migration","0008_migrate_to_sync_client_buckets_by_order_id"]
[85][1546445609703][shared][info]["Migrations: Processing IndexedDB data migration","0008_migrate_to_sync_client_buckets_by_order_id"]
[85][1546445609713][shared][info]["Migrations: Saving migration context after completion","0008_migrate_to_sync_client_buckets_by_order_id",{"0000_initial":"finished","0001_add_archived_resources_table":"finished","0002_add_variable_sessions_table":"finished","0003_add_editor_tables":"finished","0004_migrate_ws_session_data":"finished","0005_cleanup_request_response_and_history_body":"finished","0006_add_dbp_to_request_response_and_history":"finished","0007_add_sync_client_buckets_by_order_id_table":"finished","0008_migrate_to_sync_client_buckets_by_order_id":"started"}]
[85][1546445609713][shared][info]["Migrations: Starting migration","0009_remove_sync_client_buckets_table"]
[85][1546445609714][shared][info]["Migrations: Setting context before starting migration","0009_remove_sync_client_buckets_table",{"0000_initial":"finished","0001_add_archived_resources_table":"finished","0002_add_variable_sessions_table":"finished","0003_add_editor_tables":"finished","0004_migrate_ws_session_data":"finished","0005_cleanup_request_response_and_history_body":"finished","0006_add_dbp_to_request_response_and_history":"finished","0007_add_sync_client_buckets_by_order_id_table":"finished","0008_migrate_to_sync_client_buckets_by_order_id":"finished","0009_remove_sync_client_buckets_table":"started"}]
[85][1546445609714][shared][info]["Migrations: Applying migration","0009_remove_sync_client_buckets_table"]
[85][1546445609714][shared][info]["Migrations: Upgrading IndexedDB to version","0009_remove_sync_client_buckets_table",6]
[85][1546445609716][shared][info]["Migrations: Adding pending commit to queue","0009_remove_sync_client_buckets_table"]
[85][1546445609716][shared][info]["Migrations: Starting migration","0010_add_history_owner"]
[85][1546445609716][shared][info]["Migrations: Flushing pending migrations for","0010_add_history_owner"]
[85][1546445609716][shared][info]["Migrations: Flushing pending commit for type","IndexeddbSchemaMigration"]
[85][1546445609717][shared][info]["Migrations: Committing IndexedDB upgrade"]
[85][1546445609723][shared][info]["Migrations: Updating status in migration context",{"0000_initial":"finished","0001_add_archived_resources_table":"finished","0002_add_variable_sessions_table":"finished","0003_add_editor_tables":"finished","0004_migrate_ws_session_data":"finished","0005_cleanup_request_response_and_history_body":"finished","0006_add_dbp_to_request_response_and_history":"finished","0007_add_sync_client_buckets_by_order_id_table":"finished","0008_migrate_to_sync_client_buckets_by_order_id":"finished","0009_remove_sync_client_buckets_table":"started"}]
[85][1546445609724][shared][info]["Migrations: Updated status in migration context",{"0000_initial":"finished","0001_add_archived_resources_table":"finished","0002_add_variable_sessions_table":"finished","0003_add_editor_tables":"finished","0004_migrate_ws_session_data":"finished","0005_cleanup_request_response_and_history_body":"finished","0006_add_dbp_to_request_response_and_history":"finished","0007_add_sync_client_buckets_by_order_id_table":"finished","0008_migrate_to_sync_client_buckets_by_order_id":"finished","0009_remove_sync_client_buckets_table":"finished"}]
[85][1546445609724][shared][info]["Migrations: Setting context before starting migration","0010_add_history_owner",{"0000_initial":"finished","0001_add_archived_resources_table":"finished","0002_add_variable_sessions_table":"finished","0003_add_editor_tables":"finished","0004_migrate_ws_session_data":"finished","0005_cleanup_request_response_and_history_body":"finished","0006_add_dbp_to_request_response_and_history":"finished","0007_add_sync_client_buckets_by_order_id_table":"finished","0008_migrate_to_sync_client_buckets_by_order_id":"finished","0009_remove_sync_client_buckets_table":"finished","0010_add_history_owner":"started"}]
[85][1546445609725][shared][info]["Migrations: Applying migration","0010_add_history_owner"]
[85][1546445609725][shared][info]["Migrations: Processing IndexedDB data migration","0010_add_history_owner"]
[85][1546445609728][shared][info]["Migrations: Saving migration context after completion","0010_add_history_owner",{"0000_initial":"finished","0001_add_archived_resources_table":"finished","0002_add_variable_sessions_table":"finished","0003_add_editor_tables":"finished","0004_migrate_ws_session_data":"finished","0005_cleanup_request_response_and_history_body":"finished","0006_add_dbp_to_request_response_and_history":"finished","0007_add_sync_client_buckets_by_order_id_table":"finished","0008_migrate_to_sync_client_buckets_by_order_id":"finished","0009_remove_sync_client_buckets_table":"finished","0010_add_history_owner":"started"}]
[85][1546445609729][shared][info]["Migrations: Starting migration","0011_add_history_response_table"]
[85][1546445609729][shared][info]["Migrations: Setting context before starting migration","0011_add_history_response_table",{"0000_initial":"finished","0001_add_archived_resources_table":"finished","0002_add_variable_sessions_table":"finished","0003_add_editor_tables":"finished","0004_migrate_ws_session_data":"finished","0005_cleanup_request_response_and_history_body":"finished","0006_add_dbp_to_request_response_and_history":"finished","0007_add_sync_client_buckets_by_order_id_table":"finished","0008_migrate_to_sync_client_buckets_by_order_id":"finished","0009_remove_sync_client_buckets_table":"finished","0010_add_history_owner":"finished","0011_add_history_response_table":"started"}]
[85][1546445609729][shared][info]["Migrations: Applying migration","0011_add_history_response_table"]
[85][1546445609729][shared][info]["Migrations: Upgrading IndexedDB to version","0011_add_history_response_table",7]
[85][1546445609731][shared][info]["Migrations: Adding pending commit to queue","0011_add_history_response_table"]
[85][1546445609731][shared][info]["Migrations: Starting migration","0012_add_user_data_table"]
[85][1546445609731][shared][info]["Migrations: Setting context before starting migration","0012_add_user_data_table",{"0000_initial":"finished","0001_add_archived_resources_table":"finished","0002_add_variable_sessions_table":"finished","0003_add_editor_tables":"finished","0004_migrate_ws_session_data":"finished","0005_cleanup_request_response_and_history_body":"finished","0006_add_dbp_to_request_response_and_history":"finished","0007_add_sync_client_buckets_by_order_id_table":"finished","0008_migrate_to_sync_client_buckets_by_order_id":"finished","0009_remove_sync_client_buckets_table":"finished","0010_add_history_owner":"finished","0011_add_history_response_table":"started","0012_add_user_data_table":"started"}]
[85][1546445609731][shared][info]["Migrations: Applying migration","0012_add_user_data_table"]
[85][1546445609731][shared][info]["Migrations: Upgrading IndexedDB to version","0012_add_user_data_table",8]
[85][1546445609732][shared][info]["Migrations: Adding pending commit to queue","0012_add_user_data_table"]
[85][1546445609733][shared][info]["Migrations: Starting migration","0013_sanitize_request_response_and_history_methods"]
[85][1546445609733][shared][info]["Migrations: Flushing pending migrations for","0013_sanitize_request_response_and_history_methods"]
[85][1546445609733][shared][info]["Migrations: Flushing pending commit for type","IndexeddbSchemaMigration"]
[85][1546445609733][shared][info]["Migrations: Committing IndexedDB upgrade"]
[85][1546445609739][shared][info]["Migrations: Updating status in migration context",{"0000_initial":"finished","0001_add_archived_resources_table":"finished","0002_add_variable_sessions_table":"finished","0003_add_editor_tables":"finished","0004_migrate_ws_session_data":"finished","0005_cleanup_request_response_and_history_body":"finished","0006_add_dbp_to_request_response_and_history":"finished","0007_add_sync_client_buckets_by_order_id_table":"finished","0008_migrate_to_sync_client_buckets_by_order_id":"finished","0009_remove_sync_client_buckets_table":"finished","0010_add_history_owner":"finished","0011_add_history_response_table":"started","0012_add_user_data_table":"started"}]
[85][1546445609740][shared][info]["Migrations: Updated status in migration context",{"0000_initial":"finished","0001_add_archived_resources_table":"finished","0002_add_variable_sessions_table":"finished","0003_add_editor_tables":"finished","0004_migrate_ws_session_data":"finished","0005_cleanup_request_response_and_history_body":"finished","0006_add_dbp_to_request_response_and_history":"finished","0007_add_sync_client_buckets_by_order_id_table":"finished","0008_migrate_to_sync_client_buckets_by_order_id":"finished","0009_remove_sync_client_buckets_table":"finished","0010_add_history_owner":"finished","0011_add_history_response_table":"finished","0012_add_user_data_table":"finished"}]
[85][1546445609740][shared][info]["Migrations: Setting context before starting migration","0013_sanitize_request_response_and_history_methods",{"0000_initial":"finished","0001_add_archived_resources_table":"finished","0002_add_variable_sessions_table":"finished","0003_add_editor_tables":"finished","0004_migrate_ws_session_data":"finished","0005_cleanup_request_response_and_history_body":"finished","0006_add_dbp_to_request_response_and_history":"finished","0007_add_sync_client_buckets_by_order_id_table":"finished","0008_migrate_to_sync_client_buckets_by_order_id":"finished","0009_remove_sync_client_buckets_table":"finished","0010_add_history_owner":"finished","0011_add_history_response_table":"finished","0012_add_user_data_table":"finished","0013_sanitize_request_response_and_history_methods":"started"}]
[85][1546445609741][shared][info]["Migrations: Applying migration","0013_sanitize_request_response_and_history_methods"]
[85][1546445609741][shared][info]["Migrations: Processing IndexedDB data migration","0013_sanitize_request_response_and_history_methods"]
[85][1546445609745][shared][info]["Migrations: Saving migration context after completion","0013_sanitize_request_response_and_history_methods",{"0000_initial":"finished","0001_add_archived_resources_table":"finished","0002_add_variable_sessions_table":"finished","0003_add_editor_tables":"finished","0004_migrate_ws_session_data":"finished","0005_cleanup_request_response_and_history_body":"finished","0006_add_dbp_to_request_response_and_history":"finished","0007_add_sync_client_buckets_by_order_id_table":"finished","0008_migrate_to_sync_client_buckets_by_order_id":"finished","0009_remove_sync_client_buckets_table":"finished","0010_add_history_owner":"finished","0011_add_history_response_table":"finished","0012_add_user_data_table":"finished","0013_sanitize_request_response_and_history_methods":"started"}]
[85][1546445609746][shared][info]["Migrations: Starting migration","0014_sanitize_response_requestobject_rawmodedata"]
[85][1546445609746][shared][info]["Migrations: Flushing pending migrations for","0014_sanitize_response_requestobject_rawmodedata"]
[85][1546445609746][shared][info]["Migrations: Updating status in migration context",{"0000_initial":"finished","0001_add_archived_resources_table":"finished","0002_add_variable_sessions_table":"finished","0003_add_editor_tables":"finished","0004_migrate_ws_session_data":"finished","0005_cleanup_request_response_and_history_body":"finished","0006_add_dbp_to_request_response_and_history":"finished","0007_add_sync_client_buckets_by_order_id_table":"finished","0008_migrate_to_sync_client_buckets_by_order_id":"finished","0009_remove_sync_client_buckets_table":"finished","0010_add_history_owner":"finished","0011_add_history_response_table":"finished","0012_add_user_data_table":"finished","0013_sanitize_request_response_and_history_methods":"finished"}]
[85][1546445609747][shared][info]["Migrations: Updated status in migration context",{"0000_initial":"finished","0001_add_archived_resources_table":"finished","0002_add_variable_sessions_table":"finished","0003_add_editor_tables":"finished","0004_migrate_ws_session_data":"finished","0005_cleanup_request_response_and_history_body":"finished","0006_add_dbp_to_request_response_and_history":"finished","0007_add_sync_client_buckets_by_order_id_table":"finished","0008_migrate_to_sync_client_buckets_by_order_id":"finished","0009_remove_sync_client_buckets_table":"finished","0010_add_history_owner":"finished","0011_add_history_response_table":"finished","0012_add_user_data_table":"finished","0013_sanitize_request_response_and_history_methods":"finished"}]
[85][1546445609747][shared][info]["Migrations: Setting context before starting migration","0014_sanitize_response_requestobject_rawmodedata",{"0000_initial":"finished","0001_add_archived_resources_table":"finished","0002_add_variable_sessions_table":"finished","0003_add_editor_tables":"finished","0004_migrate_ws_session_data":"finished","0005_cleanup_request_response_and_history_body":"finished","0006_add_dbp_to_request_response_and_history":"finished","0007_add_sync_client_buckets_by_order_id_table":"finished","0008_migrate_to_sync_client_buckets_by_order_id":"finished","0009_remove_sync_client_buckets_table":"finished","0010_add_history_owner":"finished","0011_add_history_response_table":"finished","0012_add_user_data_table":"finished","0013_sanitize_request_response_and_history_methods":"finished","0014_sanitize_response_requestobject_rawmodedata":"started"}]
[85][1546445609748][shared][info]["Migrations: Applying migration","0014_sanitize_response_requestobject_rawmodedata"]
[85][1546445609748][shared][info]["Migrations: Processing IndexedDB data migration","0014_sanitize_response_requestobject_rawmodedata"]
[85][1546445609752][shared][info]["Migrations: Saving migration context after completion","0014_sanitize_response_requestobject_rawmodedata",{"0000_initial":"finished","0001_add_archived_resources_table":"finished","0002_add_variable_sessions_table":"finished","0003_add_editor_tables":"finished","0004_migrate_ws_session_data":"finished","0005_cleanup_request_response_and_history_body":"finished","0006_add_dbp_to_request_response_and_history":"finished","0007_add_sync_client_buckets_by_order_id_table":"finished","0008_migrate_to_sync_client_buckets_by_order_id":"finished","0009_remove_sync_client_buckets_table":"finished","0010_add_history_owner":"finished","0011_add_history_response_table":"finished","0012_add_user_data_table":"finished","0013_sanitize_request_response_and_history_methods":"finished","0014_sanitize_response_requestobject_rawmodedata":"started"}]
[85][1546445609753][shared][info]["Migrations: Flushing pending commit steps"]
[85][1546445609753][shared][info]["Migrations: Updating status in migration context",{"0000_initial":"finished","0001_add_archived_resources_table":"finished","0002_add_variable_sessions_table":"finished","0003_add_editor_tables":"finished","0004_migrate_ws_session_data":"finished","0005_cleanup_request_response_and_history_body":"finished","0006_add_dbp_to_request_response_and_history":"finished","0007_add_sync_client_buckets_by_order_id_table":"finished","0008_migrate_to_sync_client_buckets_by_order_id":"finished","0009_remove_sync_client_buckets_table":"finished","0010_add_history_owner":"finished","0011_add_history_response_table":"finished","0012_add_user_data_table":"finished","0013_sanitize_request_response_and_history_methods":"finished","0014_sanitize_response_requestobject_rawmodedata":"finished"}]
[85][1546445609753][shared][info]["Migrations: Updated status in migration context",{"0000_initial":"finished","0001_add_archived_resources_table":"finished","0002_add_variable_sessions_table":"finished","0003_add_editor_tables":"finished","0004_migrate_ws_session_data":"finished","0005_cleanup_request_response_and_history_body":"finished","0006_add_dbp_to_request_response_and_history":"finished","0007_add_sync_client_buckets_by_order_id_table":"finished","0008_migrate_to_sync_client_buckets_by_order_id":"finished","0009_remove_sync_client_buckets_table":"finished","0010_add_history_owner":"finished","0011_add_history_response_table":"finished","0012_add_user_data_table":"finished","0013_sanitize_request_response_and_history_methods":"finished","0014_sanitize_response_requestobject_rawmodedata":"finished"}]
[85][1546445609754][shared][info]["Migration: Finished all migrations"]
[85][1546445609854][shared][info]["bootstrapModels - Success"]
[85][1546445609855][shared][info]["WLModels\\x7eboot - Success"]
[85][1546445609889][shared][info]["initializeConfigurationsValues - Success"]
[85][1546445609897][shared][info]["Migrate - Bailed out due to:","FRESH_INSTALL"]
[85][1546445609905][shared][info]["AppModels\\x7eboot - Success"]
[85][1546445609909][shared][info]["SharedRuntimeListeners\\x7eboot - Success"]
[85][1546445609916][shared][info]["Sync\\x7eboot - Success"]
[85][1546445609916][shared][info]["Shared\\x7eboot - Success"]
[85][1546445609917][shared][info]["booted - shared"]
[544][1546445924042][shared][info]["EventBus\\x7einitialize - Success"]
[544][1546445924045][shared][info]["Messaging\\x7eboot - Success"]
[544][1546445924052][shared][info]["Telemetry\\x7eboot - Success"]
[544][1546445924054][shared][info]["bootConfigurations\\x7einitialize - Success"]
[544][1546445924056][shared][info]["Settings\\x7eboot - Success"]
[544][1546445924057][shared][info]["Migrations: Skipping migrations. No migrations to apply."]
[544][1546445924157][shared][info]["bootstrapModels - Success"]
[544][1546445924157][shared][info]["WLModels\\x7eboot - Success"]
[544][1546445924182][shared][info]["initializeConfigurationsValues - Success"]
[544][1546445924190][shared][info]["Migrate - Bailed out due to:","FRESH_INSTALL"]
[544][1546445924199][shared][info]["AppModels\\x7eboot - Success"]
[544][1546445924204][shared][info]["SharedRuntimeListeners\\x7eboot - Success"]
[544][1546445924212][shared][info]["Sync\\x7eboot - Success"]
[544][1546445924213][shared][info]["Shared\\x7eboot - Success"]
[544][1546445924214][shared][info]["booted - shared"]
[741][1546445964033][shared][info]["EventBus\\x7einitialize - Success"]
[741][1546445964036][shared][info]["Messaging\\x7eboot - Success"]
[741][1546445964042][shared][info]["Telemetry\\x7eboot - Success"]
[741][1546445964044][shared][info]["bootConfigurations\\x7einitialize - Success"]
[741][1546445964045][shared][info]["Settings\\x7eboot - Success"]
[741][1546445964046][shared][info]["Migrations: Skipping migrations. No migrations to apply."]
[741][1546445964143][shared][info]["bootstrapModels - Success"]
[741][1546445964143][shared][info]["WLModels\\x7eboot - Success"]
[741][1546445964174][shared][info]["initializeConfigurationsValues - Success"]
[741][1546445964183][shared][info]["Migrate - Bailed out due to:","FRESH_INSTALL"]
[741][1546445964190][shared][info]["AppModels\\x7eboot - Success"]
[741][1546445964194][shared][info]["SharedRuntimeListeners\\x7eboot - Success"]
[741][1546445964201][shared][info]["Sync\\x7eboot - Success"]
[741][1546445964202][shared][info]["Shared\\x7eboot - Success"]
[741][1546445964202][shared][info]["booted - shared"]
[1026][1546446462415][shared][info]["EventBus\\x7einitialize - Success"]
[1026][1546446462418][shared][info]["Messaging\\x7eboot - Success"]
[1026][1546446462424][shared][info]["Telemetry\\x7eboot - Success"]
[1026][1546446462426][shared][info]["bootConfigurations\\x7einitialize - Success"]
[1026][1546446462428][shared][info]["Settings\\x7eboot - Success"]
[1026][1546446462428][shared][info]["Migrations: Skipping migrations. No migrations to apply."]
[1026][1546446462526][shared][info]["bootstrapModels - Success"]
[1026][1546446462526][shared][info]["WLModels\\x7eboot - Success"]
[1026][1546446462552][shared][info]["initializeConfigurationsValues - Success"]
[1026][1546446462561][shared][info]["Migrate - Bailed out due to:","FRESH_INSTALL"]
[1026][1546446462570][shared][info]["AppModels\\x7eboot - Success"]
[1026][1546446462574][shared][info]["SharedRuntimeListeners\\x7eboot - Success"]
[1026][1546446462580][shared][info]["Sync\\x7eboot - Success"]
[1026][1546446462581][shared][info]["Shared\\x7eboot - Success"]
[1026][1546446462582][shared][info]["booted - shared"]
